<?xml version="1.0" encoding="UTF-8"?>
<testsuite xmlns:xsi="http://www.w3.org/2001/XMLSchema-instance" xsi:noNamespaceSchemaLocation="https://maven.apache.org/surefire/maven-surefire-plugin/xsd/surefire-test-report-3.0.xsd" version="3.0" name="TestSuite" time="5.686" tests="1" errors="0" skipped="0" failures="0">
  <properties>
[...]
</properties>
  <testcase name="test1" classname="e2e.TestLogin" time="0.716">
    <system-out><![CDATA[Setup
Test 1
]]></system-out>
    <system-err><![CDATA[SLF4J: Failed to load class "org.slf4j.impl.StaticLoggerBinder".
SLF4J: Defaulting to no-operation (NOP) logger implementation
SLF4J: See http://www.slf4j.org/codes.html#StaticLoggerBinder for further details.
2026-02-02T04:06:45.067872100Z main INFO Starting configuration XmlConfiguration[location=C:\Venu\Automation\rest\ParallelTestArt\target\test-classes\log4j2.xml, lastModified=2026-01-31T20:03:39.268Z]...
2026-02-02T04:06:45.068873100Z main INFO Configuration XmlConfiguration[location=C:\Venu\Automation\rest\ParallelTestArt\target\test-classes\log4j2.xml, lastModified=2026-01-31T20:03:39.268Z] started.
2026-02-02T04:06:45.073293500Z main INFO Stopping configuration org.apache.logging.log4j.core.config.DefaultConfiguration@62f87c44...
2026-02-02T04:06:45.074315500Z main INFO Configuration org.apache.logging.log4j.core.config.DefaultConfiguration@62f87c44 stopped.
Feb 01, 2026 11:06:46 PM org.openqa.selenium.devtools.CdpVersionFinder findNearestMatch
WARNING: Unable to find CDP implementation matching 144
Feb 01, 2026 11:06:46 PM org.openqa.selenium.chromium.ChromiumDriver lambda$new$5
WARNING: Unable to find version of CDP to use for 144.0.7559.110. You may need to include a dependency on a specific version of the CDP using something similar to `org.seleniumhq.selenium:selenium-devtools-v86:4.11.0` where the version ("v86") matches the version of the chromium-based browser you're using and the version number of the artifact is the same as Selenium's.
Feb 01, 2026 11:06:47 PM org.openqa.selenium.devtools.CdpVersionFinder findNearestMatch
WARNING: Unable to find CDP implementation matching 144
Feb 01, 2026 11:06:47 PM org.openqa.selenium.chromium.ChromiumDriver lambda$new$5
WARNING: Unable to find version of CDP to use for 144.0.7559.110. You may need to include a dependency on a specific version of the CDP using something similar to `org.seleniumhq.selenium:selenium-devtools-v86:4.11.0` where the version ("v86") matches the version of the chromium-based browser you're using and the version number of the artifact is the same as Selenium's.
]]></system-err>
  </testcase>
</testsuite>