<?xml version="1.0" encoding="UTF-8"?>
<testng-results ignored="0" total="1" passed="1" failed="0" skipped="0">
  <reporter-output>
  </reporter-output>
  <suite started-at="2026-02-01T23:06:44 EST" name="Suite1" finished-at="2026-02-01T23:06:49 EST" duration-ms="5262">
    <groups>
    </groups>
    <test started-at="2026-02-01T23:06:44 EST" name="E2E Test" finished-at="2026-02-01T23:06:49 EST" duration-ms="5262">
      <class name="e2e.TestLogin">
        <test-method is-config="true" signature="setup()[pri:0, instance:e2e.TestLogin@5b239d7d]" started-at="2026-02-01T23:06:44 EST" name="setup" finished-at="2026-02-01T23:06:48 EST" duration-ms="4277" status="PASS">
          <reporter-output>
          </reporter-output>
        </test-method> <!-- setup -->
        <test-method signature="test1()[pri:0, instance:e2e.TestLogin@5b239d7d]" started-at="2026-02-01T23:06:48 EST" name="test1" finished-at="2026-02-01T23:06:49 EST" duration-ms="716" status="PASS">
          <reporter-output>
          </reporter-output>
        </test-method> <!-- test1 -->
        <test-method is-config="true" signature="tearDown()[pri:0, instance:e2e.TestLogin@5b239d7d]" started-at="2026-02-01T23:06:49 EST" name="tearDown" finished-at="2026-02-01T23:06:49 EST" duration-ms="229" status="PASS">
          <reporter-output>
          </reporter-output>
        </test-method> <!-- tearDown -->
      </class> <!-- e2e.TestLogin -->
    </test> <!-- E2E Test -->
  </suite> <!-- Suite1 -->
</testng-results>
